DEBUG:paramiko.transport:starting thread (client mode): 0x7d087130
DEBUG:paramiko.transport:Local version/idstring: SSH-2.0-paramiko_2.7.1
DEBUG:paramiko.transport:Remote version/idstring: SSH-2.0-Cisco-1.25
INFO:paramiko.transport:Connected (version 2.0, client Cisco-1.25)
DEBUG:paramiko.transport:kex algos:['diffie-hellman-group-exchange-sha1', 'diffie-hellman-group14-sha1', 'diffie-hellman-group1-sha1'] server key:['ssh-rsa'] client encrypt:['aes128-cbc', '3des-cbc', 'aes192-cbc', 'aes256-cbc'] server encrypt:['aes128-cbc', '3des-cbc', 'aes192-cbc', 'aes256-cbc'] client mac:['hmac-sha1', 'hmac-sha1-96', 'hmac-md5', 'hmac-md5-96'] server mac:['hmac-sha1', 'hmac-sha1-96', 'hmac-md5', 'hmac-md5-96'] client compress:['none'] server compress:['none'] client lang:[''] server lang:[''] kex follows?False
DEBUG:paramiko.transport:Kex agreed: diffie-hellman-group-exchange-sha1
DEBUG:paramiko.transport:HostKey agreed: ssh-rsa
DEBUG:paramiko.transport:Cipher agreed: aes128-cbc
DEBUG:paramiko.transport:MAC agreed: hmac-sha1
DEBUG:paramiko.transport:Compression agreed: none
DEBUG:paramiko.transport:Got server p (2048 bits)
DEBUG:paramiko.transport:kex engine KexGex specified hash_algo <built-in function openssl_sha1>
DEBUG:paramiko.transport:Switch to new keys ...
DEBUG:paramiko.transport:Adding ssh-rsa host key for 123.123.1.10: b'9b01b8e129d1ddaee148872545c90c8f'
DEBUG:paramiko.transport:userauth is OK
INFO:paramiko.transport:Authentication (password) successful!
DEBUG:paramiko.transport:[chan 0] Max packet in: 32768 bytes
DEBUG:paramiko.transport:[chan 0] Max packet out: 4096 bytes
DEBUG:paramiko.transport:Secsh channel 0 opened.
DEBUG:paramiko.transport:[chan 0] Sesch channel 0 request ok
DEBUG:paramiko.transport:[chan 0] Sesch channel 0 request ok
DEBUG:netmiko:read_channel: 
R1>
DEBUG:netmiko:read_channel: 
DEBUG:netmiko:read_channel: 
DEBUG:netmiko:read_channel: 
DEBUG:netmiko:write_channel: b'\n'
DEBUG:netmiko:read_channel: 
R1>
DEBUG:netmiko:read_channel: 
DEBUG:netmiko:[find_prompt()]: prompt is R1>
DEBUG:netmiko:read_channel: 
DEBUG:netmiko:In disable_paging
DEBUG:netmiko:Command: terminal length 0

DEBUG:netmiko:write_channel: b'terminal length 0\n'
DEBUG:netmiko:Pattern is: terminal\ length\ 0
DEBUG:netmiko:_read_channel_expect read_data: t
DEBUG:netmiko:_read_channel_expect read_data: erminal length 0
R1>
DEBUG:netmiko:Pattern found: terminal\ length\ 0 terminal length 0
R1>
DEBUG:netmiko:terminal length 0
R1>
DEBUG:netmiko:Exiting disable_paging
DEBUG:netmiko:write_channel: b'terminal width 511\n'
DEBUG:netmiko:Pattern is: terminal\ width\ 511
DEBUG:netmiko:_read_channel_expect read_data: t
DEBUG:netmiko:_read_channel_expect read_data: erminal width 511
R1>
DEBUG:netmiko:Pattern found: terminal\ width\ 511 terminal width 511
R1>
DEBUG:netmiko:read_channel: 
DEBUG:netmiko:read_channel: 
DEBUG:netmiko:write_channel: b'\n'
DEBUG:netmiko:read_channel: 
R1>
DEBUG:netmiko:read_channel: 
DEBUG:netmiko:[find_prompt()]: prompt is R1>
DEBUG:netmiko:write_channel: b'\n'
DEBUG:netmiko:Pattern is: R1
DEBUG:netmiko:_read_channel_expect read_data: 

DEBUG:netmiko:_read_channel_expect read_data: R1>
DEBUG:netmiko:Pattern found: R1 
R1>
DEBUG:netmiko:write_channel: b'enable\n'
DEBUG:netmiko:Pattern is: (R1|ssword)
DEBUG:netmiko:_read_channel_expect read_data: e
DEBUG:netmiko:_read_channel_expect read_data: nable
Password: 
DEBUG:netmiko:Pattern found: (R1|ssword) enable
Password: 
DEBUG:netmiko:write_channel: b'cisco\n'
DEBUG:netmiko:Pattern is: R1
DEBUG:netmiko:_read_channel_expect read_data: 
R1#
DEBUG:netmiko:Pattern found: R1 
R1#
DEBUG:netmiko:write_channel: b'\n'
DEBUG:netmiko:Pattern is: R1
DEBUG:netmiko:_read_channel_expect read_data: 

DEBUG:netmiko:_read_channel_expect read_data: R1#
DEBUG:netmiko:Pattern found: R1 
R1#
DEBUG:netmiko:read_channel: 
DEBUG:netmiko:write_channel: b'\n'
DEBUG:netmiko:read_channel: 
R1#
DEBUG:netmiko:read_channel: 
DEBUG:netmiko:[find_prompt()]: prompt is R1#
DEBUG:netmiko:read_channel: 
DEBUG:netmiko:write_channel: b'show ip interface briefFastEthernet1/0\n'
DEBUG:netmiko:Pattern is: show\ ip\ interface\ briefFastEthernet1/0
DEBUG:netmiko:_read_channel_expect read_data: s
DEBUG:netmiko:_read_channel_expect read_data: how ip interface briefFastEthernet1/0
                          ^
% Invalid input detected at '^' marker.

R1#
DEBUG:netmiko:Pattern found: show\ ip\ interface\ briefFastEthernet1/0 show ip interface briefFastEthernet1/0
                          ^
% Invalid input detected at '^' marker.

R1#
